"../../../MyProject/Content/Mesh/FuseModel_Body_diffuse.uasset" 0
"../../../MyProject/Content/Mesh/Bodymat.uasset" 1
"../../../MyProject/Content/Mesh/FuseModel_Bottom_diffuse.uasset" 2
"../../../MyProject/Content/Mesh/Bottommat.uasset" 3
"../../../MyProject/Content/Mesh/FuseModel_Top_Alpha.uasset" 4
"../../../MyProject/Content/Mesh/Topmat.uasset" 5
"../../../MyProject/Content/Mesh/FuseModel_PhysicsAsset.uasset" 6
"../../../MyProject/Content/Mesh/FuseModel.uasset" 7
"../../../MyProject/Content/Mesh/FuseModel_Skeleton.uasset" 8
"../../../MyProject/Content/Mesh/house_dancing.uasset" 9
"../../../MyProject/Content/Mesh/idle.uasset" 10
"../../../MyProject/Content/Mesh/joyful_jump.uasset" 11
"../../../MyProject/Content/Mesh/samba_dancing.uasset" 12
"../../../MyProject/Content/Mesh/walking.uasset" 13
"../../../MyProject/Content/Mesh/walking_1.uasset" 14
"../../../MyProject/Content/Mesh/WalkBS.uasset" 15
"../../../Engine/Content/EditorBlueprintResources/StandardMacros.uasset" 16
"../../../MyProject/Content/Actors/SoundGenre.uasset" 17
"../../../MyProject/Content/Controllers/GenreTensionSoundParam.uasset" 18
"../../../MyProject/Content/Actors/StableTensionParam.uasset" 19
"../../../MyProject/Content/Audio/Tension/Per_tension_1.uasset" 20
"../../../MyProject/Content/Audio/Tension/Per_tension_2.uasset" 21
"../../../MyProject/Content/Audio/Tension/Per_tension_3.uasset" 22
"../../../MyProject/Content/Audio/Tension/Per_tension_4.uasset" 23
"../../../MyProject/Content/Audio/Tension/Per_tension_5.uasset" 24
"../../../MyProject/Content/Audio/Cue/TensionEthnicCue.uasset" 25
"../../../MyProject/Content/Audio/Tension/och_tension_1.uasset" 26
"../../../MyProject/Content/Audio/Tension/och_tension_2.uasset" 27
"../../../MyProject/Content/Audio/Tension/och_tension_3.uasset" 28
"../../../MyProject/Content/Audio/Tension/och_tension_4.uasset" 29
"../../../MyProject/Content/Audio/Tension/och_tension_5.uasset" 30
"../../../MyProject/Content/Audio/Cue/TensionOrchestraCue.uasset" 31
"../../../MyProject/Content/Audio/Tension/Rock_tension_1.uasset" 32
"../../../MyProject/Content/Audio/Tension/Rock_tension_2.uasset" 33
"../../../MyProject/Content/Audio/Tension/Rock_tension_3.uasset" 34
"../../../MyProject/Content/Audio/Tension/Rock_tension_4.uasset" 35
"../../../MyProject/Content/Audio/Tension/Rock_tension_5.uasset" 36
"../../../MyProject/Content/Audio/Cue/TensionRockCue.uasset" 37
"../../../MyProject/Content/Controllers/GamePlayState.uasset" 38
"../../../MyProject/Content/Controllers/MainGameState.uasset" 39
"../../../MyProject/Content/Mesh/Anim_Enum.uasset" 40
"../../../MyProject/Content/Mesh/Fuse_AnimBP.uasset" 41
"../../../MyProject/Content/Actors/HumanBehaiviorState.uasset" 42
"../../../MyProject/Content/Actors/Human_BB.uasset" 43
"../../../MyProject/Content/Actors/Human_State_service.uasset" 44
"../../../MyProject/Content/Actors/Human_Task_CoolDownToRoam.uasset" 45
"../../../MyProject/Content/Actors/Human_Task_Dragged.uasset" 46
"../../../MyProject/Content/Actors/Human_Task_IdleToRoam.uasset" 47
"../../../MyProject/Content/Actors/Human_Task_Roam.uasset" 48
"../../../MyProject/Content/Actors/Human_Task_Stop.uasset" 49
"../../../MyProject/Content/Actors/Human_BT.uasset" 50
"../../../MyProject/Content/Actors/HumanController.uasset" 51
"../../../MyProject/Content/Actors/TensionParam.uasset" 52
"../../../MyProject/Content/Controllers/GodCharacter.uasset" 53
"../../../MyProject/Content/Actors/HumanState.uasset" 54
"../../../MyProject/Content/Controllers/ControllerState.uasset" 55
"../../../MyProject/Content/TopDownBP/Textures/T_Burst_M.uasset" 56
"../../../MyProject/Content/TopDownBP/Particles/Materials/M_Burst.uasset" 57
"../../../MyProject/Content/TopDownBP/Textures/T_Explosion_SubUV.uasset" 58
"../../../MyProject/Content/TopDownBP/Particles/Materials/M_explosion_subUV.uasset" 59
"../../../MyProject/Content/TopDownBP/Textures/T_Smoke_SubUV.uasset" 60
"../../../MyProject/Content/TopDownBP/Textures/T_Smoke_Tiled_D.uasset" 61
"../../../MyProject/Content/TopDownBP/Particles/Materials/M_smoke_subUV.uasset" 62
"../../../MyProject/Content/TopDownBP/Particles/P_Explosion.uasset" 63
"../../../MyProject/Content/Controllers/GodController.uasset" 64
"../../../MyProject/Content/UI/DebugWidget.uasset" 65
"../../../MyProject/Content/UI/TitleWidget.uasset" 66
"../../../MyProject/Content/UI/TextWidget.uasset" 67
"../../../MyProject/Content/Controllers/MainGameHUD.uasset" 68
"../../../MyProject/Content/Controllers/MainGameMode.uasset" 69
"../../../MyProject/Content/Common/GameFunctionLibrary.uasset" 70
"../../../MyProject/Content/Actors/InstromentColor.uasset" 71
"../../../MyProject/Content/Actors/HumanPawn.uasset" 72
"../../../Engine/Content/Functions/Engine_MaterialFunctions01/Opacity/CameraDepthFade.uasset" 73
"../../../Engine/Content/EngineMaterials/T_Default_Material_Grid_M.uasset" 74
"../../../Engine/Content/EngineMaterials/T_Default_Material_Grid_N.uasset" 75
"../../../Engine/Content/EngineMaterials/WorldGridMaterial.uasset" 76
"../../../MyProject/Content/TopDownBP/Textures/windpannel01.uasset" 77
"../../../MyProject/Content/TopDownBP/Matrial/wind_pannel01.uasset" 78
"../../../MyProject/Content/Audio/Loop/Per_1_Loop.uasset" 79
"../../../MyProject/Content/Audio/OneShot/Per_1_shot.uasset" 80
"../../../MyProject/Content/Audio/Cue/HumanEthnicCue01.uasset" 81
"../../../MyProject/Content/Audio/Loop/Per_2_Loop.uasset" 82
"../../../MyProject/Content/Audio/OneShot/Per_2_shot.uasset" 83
"../../../MyProject/Content/Audio/Cue/HumanEthnicCue02.uasset" 84
"../../../MyProject/Content/Audio/Loop/Per_3_Loop.uasset" 85
"../../../MyProject/Content/Audio/OneShot/Per_3_shot.uasset" 86
"../../../MyProject/Content/Audio/Cue/HumanEthnicCue03.uasset" 87
"../../../MyProject/Content/Audio/Loop/Per_4_Loop.uasset" 88
"../../../MyProject/Content/Audio/OneShot/Per_4_shot.uasset" 89
"../../../MyProject/Content/Audio/Cue/HumanEthnicCue04.uasset" 90
"../../../MyProject/Content/Audio/Loop/Per_5_Loop.uasset" 91
"../../../MyProject/Content/Audio/OneShot/Per_5_shot.uasset" 92
"../../../MyProject/Content/Audio/Cue/HumanEthnicCue05.uasset" 93
"../../../MyProject/Content/Audio/Loop/Per_6_Loop.uasset" 94
"../../../MyProject/Content/Audio/OneShot/Per_6_shot.uasset" 95
"../../../MyProject/Content/Audio/Cue/HumanEthnicCue06.uasset" 96
"../../../MyProject/Content/Audio/Loop/Per_7_Loop.uasset" 97
"../../../MyProject/Content/Audio/OneShot/Per_7_shot.uasset" 98
"../../../MyProject/Content/Audio/Cue/HumanEthnicCue07.uasset" 99
"../../../MyProject/Content/Audio/Loop/och_loop_1.uasset" 100
"../../../MyProject/Content/Audio/OneShot/och_shot_1.uasset" 101
"../../../MyProject/Content/Audio/Cue/HumanOrchestraCue01.uasset" 102
"../../../MyProject/Content/Audio/Loop/och_loop_2.uasset" 103
"../../../MyProject/Content/Audio/OneShot/och_shot_2.uasset" 104
"../../../MyProject/Content/Audio/Cue/HumanOrchestraCue02.uasset" 105
"../../../MyProject/Content/Audio/Loop/och_loop_3.uasset" 106
"../../../MyProject/Content/Audio/OneShot/och_shot_3.uasset" 107
"../../../MyProject/Content/Audio/Cue/HumanOrchestraCue03.uasset" 108
"../../../MyProject/Content/Audio/Loop/och_loop_4.uasset" 109
"../../../MyProject/Content/Audio/OneShot/och_shot_4.uasset" 110
"../../../MyProject/Content/Audio/Cue/HumanOrchestraCue04.uasset" 111
"../../../MyProject/Content/Audio/Loop/och_loop_5.uasset" 112
"../../../MyProject/Content/Audio/OneShot/och_shot_5.uasset" 113
"../../../MyProject/Content/Audio/Cue/HumanOrchestraCue05.uasset" 114
"../../../MyProject/Content/Audio/Loop/och_loop_6.uasset" 115
"../../../MyProject/Content/Audio/OneShot/och_shot_6.uasset" 116
"../../../MyProject/Content/Audio/Cue/HumanOrchestraCue06.uasset" 117
"../../../MyProject/Content/Audio/Loop/och_loop_7.uasset" 118
"../../../MyProject/Content/Audio/OneShot/och_shot_7.uasset" 119
"../../../MyProject/Content/Audio/Cue/HumanOrchestraCue07.uasset" 120
"../../../MyProject/Content/Audio/Loop/Rock_Loop_1.uasset" 121
"../../../MyProject/Content/Audio/OneShot/Rock_shot_1.uasset" 122
"../../../MyProject/Content/Audio/Cue/HumanRockCue01.uasset" 123
"../../../MyProject/Content/Audio/Loop/Rock_Loop_2.uasset" 124
"../../../MyProject/Content/Audio/OneShot/Rock_shot_2.uasset" 125
"../../../MyProject/Content/Audio/Cue/HumanRockCue02.uasset" 126
"../../../MyProject/Content/Audio/Loop/Rock_Loop_3.uasset" 127
"../../../MyProject/Content/Audio/OneShot/Rock_shot_3.uasset" 128
"../../../MyProject/Content/Audio/Cue/HumanRockCue03.uasset" 129
"../../../MyProject/Content/Audio/Loop/Rock_Loop_4.uasset" 130
"../../../MyProject/Content/Audio/OneShot/Rock_shot_4.uasset" 131
"../../../MyProject/Content/Audio/Cue/HumanRockCue04.uasset" 132
"../../../MyProject/Content/Audio/Loop/Rock_Loop_5.uasset" 133
"../../../MyProject/Content/Audio/OneShot/Rock_shot_5.uasset" 134
"../../../MyProject/Content/Audio/Cue/HumanRockCue05.uasset" 135
"../../../MyProject/Content/Audio/Loop/Rock_Loop_6.uasset" 136
"../../../MyProject/Content/Audio/OneShot/Rock_shot_6.uasset" 137
"../../../MyProject/Content/Audio/Cue/HumanRockCue06.uasset" 138
"../../../MyProject/Content/Audio/Loop/Rock_Loop_7.uasset" 139
"../../../MyProject/Content/Audio/OneShot/Rock_shot_7.uasset" 140
"../../../MyProject/Content/Audio/Cue/HumanRockCue07.uasset" 141
"../../../MyProject/Content/TopDownBP/Meshes/belttile02.uasset" 142
"../../../MyProject/Content/TopDownBP/Meshes/belt_tile01.uasset" 143
"../../../MyProject/Content/TopDownBP/Meshes/brown_block02.uasset" 144
"../../../MyProject/Content/TopDownBP/Meshes/block01.uasset" 145
"../../../MyProject/Content/TopDownBP/Meshes/block02.uasset" 146
"../../../MyProject/Content/TopDownBP/Meshes/brown_block09.uasset" 147
"../../../MyProject/Content/TopDownBP/Meshes/block04.uasset" 148
"../../../MyProject/Content/TopDownBP/Meshes/brown_block10.uasset" 149
"../../../MyProject/Content/TopDownBP/Meshes/block05.uasset" 150
"../../../MyProject/Content/TopDownBP/Meshes/brown_block11.uasset" 151
"../../../MyProject/Content/TopDownBP/Meshes/block06.uasset" 152
"../../../MyProject/Content/TopDownBP/Meshes/brown_block13.uasset" 153
"../../../MyProject/Content/TopDownBP/Meshes/block07.uasset" 154
"../../../MyProject/Content/TopDownBP/Meshes/brown_block12.uasset" 155
"../../../MyProject/Content/TopDownBP/Meshes/block08.uasset" 156
"../../../MyProject/Content/TopDownBP/Meshes/base_block01.uasset" 157
"../../../MyProject/Content/TopDownBP/Meshes/base_block02.uasset" 158
"../../../MyProject/Content/TopDownBP/Meshes/blue_statue01.uasset" 159
"../../../MyProject/Content/TopDownBP/Textures/grass_01.uasset" 160
"../../../MyProject/Content/TopDownBP/Matrial/leafC01.uasset" 161
"../../../MyProject/Content/TopDownBP/Textures/leafE012.uasset" 162
"../../../MyProject/Content/TopDownBP/Matrial/leafE01.uasset" 163
"../../../MyProject/Content/TopDownBP/Textures/leafF012.uasset" 164
"../../../MyProject/Content/TopDownBP/Matrial/leafF01.uasset" 165
"../../../MyProject/Content/TopDownBP/Meshes/grass_set_01.uasset" 166
"../../../MyProject/Content/TopDownBP/Meshes/jump_pannel.uasset" 167
"../../../MyProject/Content/TopDownBP/Meshes/jump_pannel02.uasset" 168
"../../../MyProject/Content/TopDownBP/Textures/purple_plant01.uasset" 169
"../../../MyProject/Content/TopDownBP/Matrial/pani.uasset" 170
"../../../MyProject/Content/TopDownBP/Textures/purple_plant02.uasset" 171
"../../../MyProject/Content/TopDownBP/Matrial/punipuni.uasset" 172
"../../../MyProject/Content/TopDownBP/Meshes/n_poision.uasset" 173
"../../../MyProject/Content/TopDownBP/Textures/trainSet01.uasset" 174
"../../../MyProject/Content/TopDownBP/Matrial/train_set.uasset" 175
"../../../MyProject/Content/TopDownBP/Meshes/p_fire_bucket.uasset" 176
"../../../MyProject/Content/TopDownBP/Textures/door012.uasset" 177
"../../../MyProject/Content/TopDownBP/Matrial/door01.uasset" 178
"../../../MyProject/Content/TopDownBP/Textures/redblock.uasset" 179
"../../../MyProject/Content/TopDownBP/Matrial/Red_block.uasset" 180
"../../../MyProject/Content/TopDownBP/Meshes/tower_small_pillar.uasset" 181
"../../../MyProject/Content/Levels/MainGameMap.umap" 182
"../../../Engine/Content/EngineMaterials/DefaultMaterial.uasset" 183
"../../../Engine/Content/EngineMaterials/DefaultDiffuse.uasset" 184
"../../../Engine/Content/EngineMaterials/DefaultNormal.uasset" 185
"../../../Engine/Content/Maps/Entry.umap" 186
"../../../Engine/Content/EngineFonts/Roboto.uasset" 187
"../../../Engine/Content/Functions/Engine_MaterialFunctions01/Shading/PowerToRoughness.uasset" 188
"../../../Engine/Content/Functions/Engine_MaterialFunctions01/Shading/ConvertFromDiffSpec.uasset" 189
"../../../Engine/Content/EngineMaterials/DefaultDeferredDecalMaterial.uasset" 190
"../../../Engine/Content/EngineMaterials/DefaultLightFunctionMaterial.uasset" 191
"../../../Engine/Content/Functions/Engine_MaterialFunctions02/Utility/BreakOutFloat2Components.uasset" 192
"../../../Engine/Content/EngineMaterials/DefaultPostProcessMaterial.uasset" 193
"../../../Engine/Content/EngineResources/DefaultTexture.uasset" 194
"../../../Engine/Content/Functions/Engine_MaterialFunctions02/Texturing/ScreenAlignedUVs.uasset" 195
"../../../Engine/Content/EngineResources/WhiteSquareTexture.uasset" 196
"../../../Engine/Content/EngineMaterials/Widget3DPassThrough.uasset" 197
"../../../Engine/Content/EngineMaterials/Widget3DPassThrough_Translucent.uasset" 198
"../../../Engine/Content/EngineMaterials/Widget3DPassThrough_Translucent_OneSided.uasset" 199
"../../../Engine/Content/EngineMaterials/Widget3DPassThrough_Opaque.uasset" 200
"../../../Engine/Content/EngineMaterials/Widget3DPassThrough_Opaque_OneSided.uasset" 201
"../../../Engine/Content/EngineMaterials/Widget3DPassThrough_Masked.uasset" 202
"../../../Engine/Content/EngineMaterials/Widget3DPassThrough_Masked_OneSided.uasset" 203
"../../../Engine/Content/EditorResources/S_Actor.uasset" 204
"../../../Engine/Content/Maps/Templates/Thumbnails/Default.uasset" 205
"../../../Engine/Content/EditorMaterials/ParticleSystems/PSysThumbnail_NoImage.uasset" 206
"../../../Engine/Content/EditorMaterials/ParticleSystems/PSysThumbnail_OOD.uasset" 207
"../../../Engine/Content/EditorLandscapeResources/DataLayer.uasset" 208
"../../../Engine/Content/EngineDamageTypes/DmgTypeBP_Environmental.uasset" 209
"../../../Engine/Content/EngineMeshes/Sphere.uasset" 210
"../../../Engine/Content/EngineFonts/RobotoDistanceField.uasset" 211
"../../../Engine/Content/EngineMaterials/DefaultTextMaterialOpaque.uasset" 212
"../../../Engine/Content/EditorResources/S_Trigger.uasset" 213
"../../../Engine/Content/EngineResources/GradientTexture0.uasset" 214
"../../../Engine/Content/EngineResources/Black.uasset" 215
"../../../Engine/Content/EditorMaterials/MatineeGroups/MAT_Groups_Float.uasset" 216
"../../../Engine/Content/EditorMaterials/MatineeGroups/MAT_Groups_Director.uasset" 217
"../../../Engine/Content/EditorMaterials/MatineeGroups/MAT_Groups_Event.uasset" 218
"../../../Engine/Content/EditorMaterials/MatineeGroups/MAT_Groups_Anim.uasset" 219
"../../../Engine/Content/EditorMaterials/MatineeGroups/MAT_Groups_Fade.uasset" 220
"../../../Engine/Content/EditorMaterials/MatineeGroups/MAT_Groups_Move.uasset" 221
"../../../Engine/Content/EditorMaterials/MatineeGroups/MAT_Groups_Slomo.uasset" 222
"../../../Engine/Content/EditorMaterials/MatineeGroups/MAT_ColorTrack.uasset" 223
"../../../Engine/Content/EditorMaterials/MAT_Groups_Toggle.uasset" 224
"../../../Engine/Content/EditorMaterials/MatineeGroups/MAT_Groups_AudioMaster.uasset" 225
"../../../Engine/Content/EditorMaterials/MatineeGroups/MAT_Groups_Sound.uasset" 226
"../../../Engine/Content/EditorMaterials/MatineeGroups/MAT_Groups_Vector.uasset" 227
"../../../Engine/Content/EditorMaterials/MAT_Groups_Visibility.uasset" 228
"../../../Engine/Content/EngineResources/DefaultTextureCube.uasset" 229
"../../../Engine/Content/EngineMeshes/Cylinder.uasset" 230
"../../../Engine/Content/EngineTireTypes/DefaultTireType.uasset" 231
"../../../Engine/Content/EngineResources/AICON-Red.uasset" 232
"../../../Engine/Content/EngineResources/AICON-Green.uasset" 233
"../../../Engine/Content/Tutorial/Basics/LevelEditorAttract.uasset" 234
"../../../Engine/Content/Tutorial/ContentIntroCurve.uasset" 235
"../../../Engine/Plugins/2D/Paper2D/Content/PlaceholderTextures/DummySpriteTexture.uasset" 236
"../../../Engine/Plugins/2D/Paper2D/Content/DefaultSpriteMaterial.uasset" 237
"../../../Engine/Plugins/2D/Paper2D/Content/MaskedUnlitSpriteMaterial.uasset" 238
"../../../Engine/Plugins/2D/Paper2D/Content/OpaqueUnlitSpriteMaterial.uasset" 239
"../../../Engine/Plugins/2D/Paper2D/Content/DummySpriteTexture.uasset" 240
"../../../Engine/Plugins/2D/Paper2D/Content/DummySprite.uasset" 241
"../../../Engine/Plugins/2D/Paper2D/Content/DefaultPaperTerrainMaterial.uasset" 242
"../../../Engine/Plugins/Runtime/LeapMotionController/Content/LM_CapsuleMesh.uasset" 243
"../../../Engine/Plugins/Runtime/LeapMotionController/Content/LM_TorusMesh.uasset" 244
"../../../Engine/Plugins/Runtime/LeapMotionController/Content/LM_HandColor.uasset" 245
"../../../Engine/Plugins/Runtime/LeapMotionController/Content/LM_SampleDistortion.uasset" 246
"../../../Engine/Plugins/Runtime/LeapMotionController/Content/LM_TestTexture.uasset" 247
"../../../Engine/Plugins/Runtime/LeapMotionController/Content/LM_PassthroughMaterial.uasset" 248
"../../../Engine/Content/BasicShapes/Cube.uasset" 249
"../../../Engine/Content/EngineMaterials/RemoveSurfaceMaterial.uasset" 250
"../../../Engine/Content/EngineDebugMaterials/DebugMeshMaterial.uasset" 251
"../../../Engine/Content/EngineMaterials/InvalidLightmapSettings.uasset" 252
"../../../Engine/Content/EngineMaterials/M_InvalidLightmapSettings.uasset" 253
"../../../Engine/Content/EditorMaterials/GizmoMaterial.uasset" 254
"../../../Engine/Content/EngineMaterials/Good64x64TilingNoiseHighFreq.uasset" 255
"../../../Engine/Content/EngineMaterials/DefaultBokeh.uasset" 256
"../../../Engine/Content/EngineMaterials/PreintegratedSkinBRDF.uasset" 257
"../../../Engine/Content/EngineMaterials/MiniFont.uasset" 258
"../../../Engine/Content/EngineMaterials/WeightMapPlaceholderTexture.uasset" 259
"../../../Engine/Content/EngineMaterials/DefaultWhiteGrid.uasset" 260
"../../../Engine/Content/EngineMaterials/DefaultPhysicalMaterial.uasset" 261
"../../../Engine/Content/EngineFonts/RobotoTiny.uasset" 262
"../../../MyProject/Content/TopDownBP/Textures/boardplant01.uasset" 263
"../../../MyProject/Content/TopDownBP/Textures/brown_block_m_01.uasset" 264
"../../../MyProject/Content/TopDownBP/Textures/brown_block_m_02.uasset" 265
"../../../MyProject/Content/TopDownBP/Textures/brown_block05.uasset" 266
"../../../MyProject/Content/TopDownBP/Textures/ground01.uasset" 267
"../../../MyProject/Content/TopDownBP/Textures/T_Water_N.uasset" 268
"../../../MyProject/Content/TopDownBP/Meshes/blue_block01.uasset" 269
"../../../MyProject/Content/TopDownBP/Textures/ef_fire_001.uasset" 270
"../../../Engine/Content/MobileResources/HUD/MobileHUDButton1_off.uasset" 271
"../../../MyProject/Content/TopDownBP/Textures/ef_fire_002.uasset" 272
"../../../MyProject/Content/TopDownBP/Meshes/tower_wall04.uasset" 273
"../../../Engine/Content/Functions/Engine_MaterialFunctions01/Gradient/RadialGradient.uasset" 274
"../../../MyProject/Content/TopDownBP/Particles/Materials/M_Radial_Gradient.uasset" 275
"../../../Engine/Content/MobileResources/HUD/MobileHUDButton2_on.uasset" 276
"../../../MyProject/Content/TopDownBP/Textures/brown_block04.uasset" 277
"../../../MyProject/Content/TopDownBP/Textures/T_Wave_N.uasset" 278
"../../../Engine/Content/MobileResources/HUD/VirtualJoystick_Background.uasset" 279
"../../../Engine/Content/MobileResources/HUD/VirtualJoystick_Thumb.uasset" 280
"../../../Engine/Content/MobileResources/HUD/LeftVirtualJoystickOnly.uasset" 281
"../../../Engine/Content/MobileResources/HUD/MobileHUDButtonFire.uasset" 282
"../../../MyProject/Content/Controllers/AudioCompParam.uasset" 283
"../../../MyProject/Content/Controllers/AudioCompStatusParam.uasset" 284
"../../../MyProject/Content/Controllers/TensionSoundParam.uasset" 285
"../../../MyProject/Content/TopDownBP/Textures/brown_block02.uasset" 286
"../../../MyProject/Content/TopDownBP/Textures/boardplant03.uasset" 287
"../../../MyProject/Content/TopDownBP/Textures/Center_Str_01_D.uasset" 288
"../../../Engine/Content/MobileResources/HUD/MobileHUDDirectionPad2.uasset" 289
"../../../MyProject/Content/TopDownBP/Meshes/tower_block00.uasset" 290
"../../../MyProject/Content/TopDownBP/Meshes/tower_block01.uasset" 291
"../../../MyProject/Content/TopDownBP/Meshes/tower_block02.uasset" 292
"../../../MyProject/Content/TopDownBP/Meshes/tower_block03.uasset" 293
"../../../MyProject/Content/TopDownBP/Meshes/tower_block04.uasset" 294
"../../../MyProject/Content/TopDownBP/Meshes/tower_block05.uasset" 295
"../../../MyProject/Content/TopDownBP/Meshes/tower_block06.uasset" 296
"../../../MyProject/Content/TopDownBP/Meshes/tower_block07.uasset" 297
"../../../MyProject/Content/TopDownBP/Meshes/tower_block08.uasset" 298
"../../../MyProject/Content/TopDownBP/Meshes/tower_block09.uasset" 299
"../../../MyProject/Content/TopDownBP/Meshes/tower_block10.uasset" 300
"../../../MyProject/Content/TopDownBP/Meshes/tower_block11.uasset" 301
"../../../MyProject/Content/TopDownBP/Meshes/tower_block12.uasset" 302
"../../../MyProject/Content/TopDownBP/Meshes/tower_block13.uasset" 303
"../../../MyProject/Content/TopDownBP/Meshes/tower_blue_block00.uasset" 304
"../../../MyProject/Content/TopDownBP/Meshes/tower_center_pillar.uasset" 305
"../../../MyProject/Content/TopDownBP/Meshes/tower_gate.uasset" 306
"../../../MyProject/Content/TopDownBP/Meshes/tower_gears.uasset" 307
"../../../MyProject/Content/TopDownBP/Meshes/tower_out_pillar.uasset" 308
"../../../MyProject/Content/TopDownBP/Meshes/tower_out_wall00.uasset" 309
"../../../MyProject/Content/TopDownBP/Meshes/tower_out_wall01.uasset" 310
"../../../MyProject/Content/TopDownBP/Meshes/tower_out_wall02.uasset" 311
"../../../MyProject/Content/TopDownBP/Meshes/tower_out_wall03.uasset" 312
"../../../MyProject/Content/TopDownBP/Meshes/tower_plant.uasset" 313
"../../../MyProject/Content/TopDownBP/Meshes/tower_stair01.uasset" 314
"../../../Engine/Content/MobileResources/HUD/MobileHUDButton2_off.uasset" 315
"../../../Engine/Content/MobileResources/HUD/MobileHUDDirectionStick.uasset" 316
"../../../MyProject/Content/TopDownBP/Meshes/CubeMesh.uasset" 317
"../../../Engine/Content/MobileResources/HUD/DefaultVirtualJoysticks.uasset" 318
"../../../Engine/Content/MobileResources/HUD/MobileHUDButton1_on.uasset" 319
"../../../Engine/Content/MobileResources/HUD/MobileHUDButton3.uasset" 320
"../../../Engine/Content/MobileResources/HUD/T_Castle_ThumbstickInner.uasset" 321
"../../../Engine/Content/EditorMaterials/PhAT_JointLimitMaterial.uasset" 322
"../../../Engine/Content/EditorMaterials/PreviewShadowIndicator.uasset" 323
"../../../Engine/Content/EditorMaterials/PreviewShadowIndicatorMaterial.uasset" 324
"../../../Engine/Content/EditorMeshes/ColorCalibrator/M_ChromeBall.uasset" 325
"../../../Engine/Content/EditorMeshes/ColorCalibrator/M_ClearCoat.uasset" 326
"../../../Engine/Content/EditorMeshes/ColorCalibrator/M_ClearCoatBlack.uasset" 327
"../../../Engine/Content/EditorMeshes/ColorCalibrator/T_ColorGrid.uasset" 328
"../../../Engine/Content/EditorMeshes/ColorCalibrator/M_ColorGrid.uasset" 329
"../../../Engine/Content/EditorMeshes/ColorCalibrator/M_GreyBall.uasset" 330
"../../../Engine/Content/EditorMeshes/ColorCalibrator/SM_ColorCalibrator.uasset" 331
"../../../Engine/Content/EditorResources/BSPVertex.uasset" 332
"../../../Engine/Content/EditorResources/EmptyActor.uasset" 333
"../../../Engine/Content/EditorResources/AudioIcons/S_AudioComponent_AutoActivate.uasset" 334
"../../../Engine/Content/EngineDebugMaterials/HeatmapGradient.uasset" 335
"../../../Engine/Content/EngineDebugMaterials/BoneWeightMaterial.uasset" 336
"../../../Engine/Content/EngineDebugMaterials/GeomMaterial.uasset" 337
"../../../Engine/Content/EngineMaterials/EditorBrushMaterial.uasset" 338
"../../../Engine/Content/MobileResources/T_MobileControls_texture.uasset" 339
"../../../Engine/Content/MobileResources/T_MobileMenu2.uasset" 340
"../../../Engine/Content/MobileResources/HUD/AnalogHat.uasset" 341
"../../../Engine/Content/MobileResources/HUD/MobileHUDDirectionPad.uasset" 342
"../../../Engine/Content/MobileResources/HUD/MobileHUDDirectionPad3.uasset" 343
"../../../Engine/Content/MobileResources/HUD/T_Castle_ThumbstickOutter.uasset" 344
"../../../Engine/Content/Tutorial/Basics/TutorialAssets/icon_tab_Levels_40x.uasset" 345
"../../../Engine/Content/Tutorial/Basics/LevelEditorOverview.uasset" 346
"../../../Engine/Content/Tutorial/BlueprintTutorials/TutorialAssets/Blueprint_64x.uasset" 347
"../../../Engine/Content/Tutorial/BlueprintTutorials/BlueprintEditorTutorial.uasset" 348
"../../../Engine/Content/Tutorial/BlueprintTutorials/TutorialAssets/BlueprintInterface_64x.uasset" 349
"../../../Engine/Content/Tutorial/BlueprintTutorials/TutorialAssets/Tutorial_BP_Interface.uasset" 350
"../../../Engine/Content/Tutorial/BlueprintTutorials/BlueprintInterfacesEditorOverview.uasset" 351
"../../../Engine/Content/Tutorial/BlueprintTutorials/TutorialAssets/BlueprintMacroLibrary_64x.uasset" 352
"../../../Engine/Content/Tutorial/BlueprintTutorials/TutorialAssets/Tutorial_BP_MacroLib.uasset" 353
"../../../Engine/Content/Tutorial/BlueprintTutorials/BlueprintMacroLibrariesEditorOverview.uasset" 354
"../../../Engine/Content/Tutorial/BlueprintTutorials/LevelBlueprintEditorOverview.uasset" 355
"../../../Engine/Content/Tutorial/Foliage/TutorialAssets/Foliage.uasset" 356
"../../../Engine/Content/Tutorial/Foliage/Foliage_Settings_Tutorial.uasset" 357
"../../../Engine/Content/Tutorial/Foliage/Foliage_Using_The_Tool_Tutorial.uasset" 358
"../../../Engine/Content/Tutorial/Foliage/Foliage_Intro_Tutorial.uasset" 359
"../../../Engine/Content/Tutorial/Landscape/TutorialAssets/Landscape.uasset" 360
"../../../Engine/Content/Tutorial/Landscape/Landscape_Painting_Mode.uasset" 361
"../../../Engine/Content/Tutorial/Landscape/Landscape_Sculpt_Mode.uasset" 362
"../../../Engine/Content/Tutorial/Landscape/Landscape_Manage_Mode.uasset" 363
"../../../Engine/Content/Tutorial/Paper2D/TutorialAssets/Paper2DFlipbook_TutorialIcon.uasset" 364
"../../../Engine/Content/Tutorial/Paper2D/FlipbookEditorTutorial.uasset" 365
"../../../Engine/Content/Tutorial/Paper2D/TutorialAssets/Paper2DSprite_TutorialIcon.uasset" 366
"../../../Engine/Content/Tutorial/Paper2D/SpriteEditorTutorial.uasset" 367
"../../../Engine/Content/EditorMeshes/EditorCube.uasset" 368
"../../../Engine/Content/Tutorial/SubEditors/TutorialAssets/Tutorial_DM.uasset" 369
"../../../Engine/Content/Tutorial/SubEditors/DestructibleMeshEditorTutorial.uasset" 370
"../../../Engine/Content/Tutorial/SubEditors/TutorialAssets/TutorialMaterial.uasset" 371
"../../../Engine/Content/Tutorial/SubEditors/MaterialEditorTutorial.uasset" 372
"../../../Engine/Content/Tutorial/SubEditors/TutorialAssets/T_SmokeSubUV_8X8.uasset" 373
"../../../Engine/Content/Tutorial/SubEditors/TutorialAssets/T_soft_smoke.uasset" 374
"../../../Engine/Content/Tutorial/SubEditors/TutorialAssets/M_smoke_subUV_blackbody.uasset" 375
"../../../Engine/Content/Tutorial/SubEditors/TutorialAssets/TutorialParticleSystem.uasset" 376
"../../../Engine/Content/Tutorial/SubEditors/ParticleSystemEditorTutorial.uasset" 377
"../../../Engine/Content/Tutorial/SubEditors/TutorialAssets/icon_ShowSkeletalMeshes_40x.uasset" 378
"../../../Engine/Content/Tutorial/SubEditors/TutorialAssets/Character/TutorialTPP_Mat.uasset" 379
"../../../Engine/Content/Tutorial/SubEditors/TutorialAssets/Character/TutorialTPP_PhysicsAsset.uasset" 380
"../../../Engine/Content/Tutorial/SubEditors/TutorialAssets/Character/TutorialTPP.uasset" 381
"../../../Engine/Content/Tutorial/SubEditors/TutorialAssets/Character/TutorialTPP_Skeleton.uasset" 382
"../../../Engine/Content/Tutorial/SubEditors/TutorialAssets/Character/Tutorial_Idle.uasset" 383
"../../../Engine/Content/Tutorial/SubEditors/TutorialAssets/Character/Tutorial_Walk_Fwd.uasset" 384
"../../../Engine/Content/Tutorial/SubEditors/TutorialAssets/Character/NewBlendSpace1D.uasset" 385
"../../../Engine/Content/Tutorial/SubEditors/TutorialAssets/Character/TutorialCharacter.uasset" 386
"../../../Engine/Content/Tutorial/SubEditors/TutorialAssets/Character/TutorialTPP_AnimBlueprint.uasset" 387
"../../../Engine/Content/Tutorial/SubEditors/PersonaAnimBlueprintEditorWalkthrough.uasset" 388
"../../../Engine/Content/Tutorial/SubEditors/PersonaAnimEditorWalkthrough.uasset" 389
"../../../Engine/Content/EngineMeshes/Cube.uasset" 390
"../../../Engine/Content/Tutorial/SubEditors/StaticMeshEditorTutorial.uasset" 391
"../../../Engine/Content/Tutorial/SubEditors/TutorialAssets/icon_Editor_Preferences_General_40x.uasset" 392
"../../../MyProject/Content/Actors/NullMaterial.uasset" 393
"../../../MyProject/Content/Audio/Loop/Per_10_Loop.uasset" 394
"../../../MyProject/Content/Audio/Loop/Per_8_Loop.uasset" 395
"../../../MyProject/Content/Audio/Loop/Per_9_Loop.uasset" 396
"../../../MyProject/Content/Audio/OneShot/Per_10_shot.uasset" 397
"../../../MyProject/Content/Audio/OneShot/Per_8_shot.uasset" 398
"../../../MyProject/Content/Audio/OneShot/Per_9_shot.uasset" 399
"../../../MyProject/Content/TopDownBP/TopDownOverview.uasset" 400
"../../../MyProject/Content/TopDownBP/Textures/belttile01.uasset" 401
"../../../MyProject/Content/TopDownBP/Matrial/belt_tile01.uasset" 402
"../../../MyProject/Content/TopDownBP/Textures/brown_block01.uasset" 403
"../../../MyProject/Content/TopDownBP/Matrial/block01.uasset" 404
"../../../MyProject/Content/TopDownBP/Matrial/block02.uasset" 405
"../../../MyProject/Content/TopDownBP/Textures/brown_block03.uasset" 406
"../../../MyProject/Content/TopDownBP/Matrial/block03.uasset" 407
"../../../MyProject/Content/TopDownBP/Matrial/block04.uasset" 408
"../../../MyProject/Content/TopDownBP/Matrial/block05.uasset" 409
"../../../MyProject/Content/TopDownBP/Textures/brown_block06.uasset" 410
"../../../MyProject/Content/TopDownBP/Matrial/block06.uasset" 411
"../../../MyProject/Content/TopDownBP/Textures/brown_block07.uasset" 412
"../../../MyProject/Content/TopDownBP/Matrial/block07.uasset" 413
"../../../MyProject/Content/TopDownBP/Textures/brown_block08.uasset" 414
"../../../MyProject/Content/TopDownBP/Matrial/block08.uasset" 415
"../../../MyProject/Content/TopDownBP/Textures/blue_bottom03.uasset" 416
"../../../MyProject/Content/TopDownBP/Matrial/BlueBottom01.uasset" 417
"../../../MyProject/Content/TopDownBP/Textures/blue_bottomB02.uasset" 418
"../../../MyProject/Content/TopDownBP/Matrial/BlueBottomB01.uasset" 419
"../../../MyProject/Content/TopDownBP/Textures/blue_side04.uasset" 420
"../../../MyProject/Content/TopDownBP/Matrial/Blueside01.uasset" 421
"../../../MyProject/Content/TopDownBP/Textures/bluewall02.uasset" 422
"../../../MyProject/Content/TopDownBP/Matrial/BlueWall01.uasset" 423
"../../../MyProject/Content/TopDownBP/Textures/branch03.uasset" 424
"../../../MyProject/Content/TopDownBP/Matrial/branch01.uasset" 425
"../../../MyProject/Content/TopDownBP/Textures/cart012.uasset" 426
"../../../MyProject/Content/TopDownBP/Matrial/cart01.uasset" 427
"../../../MyProject/Content/TopDownBP/Matrial/CubeMaterial.uasset" 428
"../../../MyProject/Content/TopDownBP/Matrial/leaf01.uasset" 429
"../../../MyProject/Content/TopDownBP/Matrial/leafB01.uasset" 430
"../../../MyProject/Content/TopDownBP/Textures/light_plant03.uasset" 431
"../../../MyProject/Content/TopDownBP/Matrial/light_plant01.uasset" 432
"../../../MyProject/Content/TopDownBP/Textures/brown_tile_01.uasset" 433
"../../../MyProject/Content/TopDownBP/Matrial/m-tile01.uasset" 434
"../../../MyProject/Content/TopDownBP/Textures/brown_tile_02.uasset" 435
"../../../MyProject/Content/TopDownBP/Matrial/m-tile02.uasset" 436
"../../../MyProject/Content/TopDownBP/Textures/n_stem01.uasset" 437
"../../../MyProject/Content/TopDownBP/Matrial/Material__1089.uasset" 438
"../../../MyProject/Content/TopDownBP/Matrial/M_Black.uasset" 439
"../../../MyProject/Content/TopDownBP/Textures/pulley01_02.uasset" 440
"../../../MyProject/Content/TopDownBP/Matrial/pulley01.uasset" 441
"../../../MyProject/Content/TopDownBP/Textures/sky_door01_02.uasset" 442
"../../../MyProject/Content/TopDownBP/Matrial/sky_door.uasset" 443
"../../../MyProject/Content/TopDownBP/Matrial/tileA01.uasset" 444
"../../../MyProject/Content/TopDownBP/Matrial/tileB01.uasset" 445
"../../../MyProject/Content/TopDownBP/Textures/brown_tile_03.uasset" 446
"../../../MyProject/Content/TopDownBP/Matrial/tileC01.uasset" 447
"../../../MyProject/Content/TopDownBP/Textures/brown_tile_04.uasset" 448
"../../../MyProject/Content/TopDownBP/Matrial/tileD01.uasset" 449
"../../../MyProject/Content/TopDownBP/Textures/brown_tile_05.uasset" 450
"../../../MyProject/Content/TopDownBP/Matrial/tileE01.uasset" 451
"../../../MyProject/Content/TopDownBP/Textures/brown_tile_06.uasset" 452
"../../../MyProject/Content/TopDownBP/Matrial/tileF01.uasset" 453
"../../../MyProject/Content/TopDownBP/Textures/brown_tile_07.uasset" 454
"../../../MyProject/Content/TopDownBP/Matrial/tileG01.uasset" 455
"../../../MyProject/Content/TopDownBP/Textures/brown_tile_08.uasset" 456
"../../../MyProject/Content/TopDownBP/Matrial/tileH01.uasset" 457
"../../../MyProject/Content/TopDownBP/Matrial/tileI01.uasset" 458
"../../../MyProject/Content/TopDownBP/Meshes/black_pannel.uasset" 459
"../../../MyProject/Content/TopDownBP/Textures/T_Fire_SubUV.uasset" 460
"../../../MyProject/Content/TopDownBP/Textures/T_Fire_Tiled_D.uasset" 461
"../../../MyProject/Content/TopDownBP/Particles/Materials/M_Fire_SubUV.uasset" 462
"../../../MyProject/Content/TopDownBP/Particles/P_Fire.uasset" 463
"../../../MyProject/Content/TopDownBP/Particles/Materials/M_Heat_Distortion.uasset" 464
